time="2024-03-15T12:05:07-04:00" level=trace msg="Starting scan of directory  for certificates"
time="2024-03-15T12:05:07-04:00" level=trace msg="Finished scan of directory  for certificates"
time="2024-03-15T12:05:07-04:00" level=info msg="Storage schema is being checked for updates"
time="2024-03-15T12:05:07-04:00" level=info msg="Storage schema is already up to date"
time="2024-03-15T12:05:07-04:00" level=debug msg="notification provider: startup check skipped as it is disabled"
time="2024-03-15T12:05:07-04:00" level=debug msg="The NTP startup check was skipped due to there being no configured 2FA access control rules"
time="2024-03-15T12:05:07-04:00" level=info msg="Initializing server for non-TLS connections on '[::]:9091' path '/'"
time="2024-03-15T12:05:24-04:00" level=trace msg="Request hit" method=GET path=/api/verify remote_ip=[ip_redacted]
time="2024-03-15T12:05:24-04:00" level=trace msg="Headers=GET /api/verify HTTP/1.1\r\nUser-Agent: Mozilla/5.0 (Macintosh; Intel Mac OS X 10_15_7) AppleWebKit/537.36 (KHTML, like Gecko) Chrome/122.0.0.0 Safari/537.36\r\nHost: podgrab.q9.to\r\nX-Original-Url: https://podgrab.q9.to/\r\nX-Real-Ip: [ip_redacted]\r\nX-Forwarded-For: [ip_redacted]\r\nX-Forwarded-Proto: https\r\nX-Forwarded-Host: podgrab.q9.to\r\nX-Forwarded-Uri: /\r\nX-Forwarded-Ssl: on\r\nSec-Ch-Ua: \"Chromium\";v=\"122\", \"Not(A:Brand\";v=\"24\", \"Brave\";v=\"122\"\r\nSec-Ch-Ua-Mobile: ?0\r\nSec-Ch-Ua-Platform: \"macOS\"\r\nUpgrade-Insecure-Requests: 1\r\nAccept: text/html,application/xhtml+xml,application/xml;q=0.9,image/avif,image/webp,image/apng,*/*;q=0.8\r\nSec-Gpc: 1\r\nAccept-Language: en-US,en;q=0.6\r\nSec-Fetch-Site: none\r\nSec-Fetch-Mode: navigate\r\nSec-Fetch-User: ?1\r\nSec-Fetch-Dest: document\r\nAccept-Encoding: gzip, deflate, br\r\n\r\n" method=GET path=/api/verify remote_ip=[ip_redacted]
time="2024-03-15T12:05:24-04:00" level=trace msg="Using X-Original-URL header content as targeted site URL" method=GET path=/api/verify remote_ip=[ip_redacted]
time="2024-03-15T12:05:24-04:00" level=trace msg="Checking if we need check the authentication backend for an updated profile for ." method=GET path=/api/verify remote_ip=[ip_redacted]
time="2024-03-15T12:05:24-04:00" level=debug msg="Check authorization of subject username= groups= ip=[ip_redacted] and object https://podgrab.q9.to/ (method )."
time="2024-03-15T12:05:24-04:00" level=trace msg="ACL MISS Position 1 for subject username= groups= ip=[ip_redacted] and object https://podgrab.q9.to/ (method )"
time="2024-03-15T12:05:24-04:00" level=trace msg="ACL MISS Position 2 for subject username= groups= ip=[ip_redacted] and object https://podgrab.q9.to/ (method )"
time="2024-03-15T12:05:24-04:00" level=trace msg="ACL HIT Position 3 for subject username= groups= ip=[ip_redacted] and object https://podgrab.q9.to/ (method )"
time="2024-03-15T12:05:24-04:00" level=info msg="Access to https://podgrab.q9.to/ (method unknown) is not authorized to user <anonymous>, responding with status code 401" method=GET path=/api/verify remote_ip=[ip_redacted]
time="2024-03-15T12:05:24-04:00" level=trace msg="Replied (status=401)" method=GET path=/api/verify remote_ip=[ip_redacted]
time="2024-03-15T12:05:24-04:00" level=trace msg="Request hit" method=GET path=/ remote_ip=[ip_redacted]
time="2024-03-15T12:05:24-04:00" level=trace msg="Replied (status=200)" method=GET path=/ remote_ip=[ip_redacted]
time="2024-03-15T12:05:24-04:00" level=trace msg="Request hit" method=GET path=/static/css/index.40feef90.css remote_ip=[ip_redacted]
time="2024-03-15T12:05:24-04:00" level=trace msg="Request hit" method=GET path=/static/js/index.fad9e36b.js remote_ip=[ip_redacted]
time="2024-03-15T12:05:24-04:00" level=trace msg="Replied (status=200)" method=GET path=/static/css/index.40feef90.css remote_ip=[ip_redacted]
time="2024-03-15T12:05:24-04:00" level=trace msg="Replied (status=200)" method=GET path=/static/js/index.fad9e36b.js remote_ip=[ip_redacted]
time="2024-03-15T12:05:25-04:00" level=trace msg="Request hit" method=GET path=/locales/en-US/portal.json remote_ip=[ip_redacted]
time="2024-03-15T12:05:25-04:00" level=trace msg="Replied (status=200)" method=GET path=/locales/en-US/portal.json remote_ip=[ip_redacted]
time="2024-03-15T12:05:25-04:00" level=trace msg="Request hit" method=GET path=/locales/en/portal.json remote_ip=[ip_redacted]
time="2024-03-15T12:05:25-04:00" level=trace msg="Replied (status=200)" method=GET path=/locales/en/portal.json remote_ip=[ip_redacted]
time="2024-03-15T12:05:25-04:00" level=trace msg="Request hit" method=GET path=/favicon.ico remote_ip=[ip_redacted]
time="2024-03-15T12:05:25-04:00" level=trace msg="Replied (status=200)" method=GET path=/favicon.ico remote_ip=[ip_redacted]
time="2024-03-15T12:05:25-04:00" level=trace msg="Request hit" method=GET path=/api/state remote_ip=[ip_redacted]
time="2024-03-15T12:05:25-04:00" level=trace msg="Replied (status=200)" method=GET path=/api/state remote_ip=[ip_redacted]
time="2024-03-15T12:05:25-04:00" level=trace msg="Request hit" method=GET path=/favicon.ico remote_ip=[ip_redacted]
time="2024-03-15T12:05:25-04:00" level=trace msg="Replied (status=304)" method=GET path=/favicon.ico remote_ip=[ip_redacted]
time="2024-03-15T12:05:28-04:00" level=trace msg="Request hit" method=POST path=/api/firstfactor remote_ip=[ip_redacted]
time="2024-03-15T12:05:28-04:00" level=debug msg="Mark 1FA authentication attempt made by user 'testuser'" method=POST path=/api/firstfactor remote_ip=[ip_redacted]
time="2024-03-15T12:05:28-04:00" level=debug msg="Successful 1FA authentication attempt made by user 'testuser'" method=POST path=/api/firstfactor remote_ip=[ip_redacted]
time="2024-03-15T12:05:28-04:00" level=trace msg="Profile details for user 'testuser' => groups: [admins dev], emails [testuser@q9.to]" method=POST path=/api/firstfactor remote_ip=[ip_redacted]
time="2024-03-15T12:05:28-04:00" level=debug msg="Check authorization of subject username=testuser groups=admins,dev ip=[ip_redacted] and object https://podgrab.q9.to/ (method )."
time="2024-03-15T12:05:28-04:00" level=trace msg="ACL MISS Position 1 for subject username=testuser groups=admins,dev ip=[ip_redacted] and object https://podgrab.q9.to/ (method )"
time="2024-03-15T12:05:28-04:00" level=trace msg="ACL MISS Position 2 for subject username=testuser groups=admins,dev ip=[ip_redacted] and object https://podgrab.q9.to/ (method )"
time="2024-03-15T12:05:28-04:00" level=trace msg="ACL HIT Position 3 for subject username=testuser groups=admins,dev ip=[ip_redacted] and object https://podgrab.q9.to/ (method )"
time="2024-03-15T12:05:28-04:00" level=debug msg="Required level for the URL https://podgrab.q9.to/ is 1" method=POST path=/api/firstfactor remote_ip=[ip_redacted]
time="2024-03-15T12:05:28-04:00" level=debug msg="Redirection URL https://podgrab.q9.to/ is safe" method=POST path=/api/firstfactor remote_ip=[ip_redacted]
time="2024-03-15T12:05:28-04:00" level=trace msg="Timing Attack Delay successful: true, exec duration: 7, avg execution duration: 1000, random delay ms: 5, total delay ms: 1005, actual delay ms: 998" method=POST path=/api/firstfactor remote_ip=[ip_redacted]
time="2024-03-15T12:05:29-04:00" level=trace msg="Replied (status=200)" method=POST path=/api/firstfactor remote_ip=[ip_redacted]
time="2024-03-15T12:05:29-04:00" level=trace msg="Request hit" method=GET path=/api/verify remote_ip=[ip_redacted]
time="2024-03-15T12:05:29-04:00" level=trace msg="Headers=GET /api/verify HTTP/1.1\r\nUser-Agent: Mozilla/5.0 (Macintosh; Intel Mac OS X 10_15_7) AppleWebKit/537.36 (KHTML, like Gecko) Chrome/122.0.0.0 Safari/537.36\r\nHost: podgrab.q9.to\r\nX-Original-Url: https://podgrab.q9.to/\r\nX-Real-Ip: [ip_redacted]\r\nX-Forwarded-For: [ip_redacted]\r\nX-Forwarded-Proto: https\r\nX-Forwarded-Host: podgrab.q9.to\r\nX-Forwarded-Uri: /\r\nX-Forwarded-Ssl: on\r\nSec-Ch-Ua: \"Chromium\";v=\"122\", \"Not(A:Brand\";v=\"24\", \"Brave\";v=\"122\"\r\nSec-Ch-Ua-Mobile: ?0\r\nSec-Ch-Ua-Platform: \"macOS\"\r\nUpgrade-Insecure-Requests: 1\r\nAccept: text/html,application/xhtml+xml,application/xml;q=0.9,image/avif,image/webp,image/apng,*/*;q=0.8\r\nSec-Gpc: 1\r\nAccept-Language: en-US,en;q=0.6\r\nSec-Fetch-Site: same-site\r\nSec-Fetch-Mode: navigate\r\nSec-Fetch-User: ?1\r\nSec-Fetch-Dest: document\r\nReferer: https://auth.q9.to/\r\nAccept-Encoding: gzip, deflate, br\r\nCookie: authelia_session=aKGusAZWBm9*bO0SBldo85NmxHH6IUrD\r\n\r\n" method=GET path=/api/verify remote_ip=[ip_redacted]
time="2024-03-15T12:05:29-04:00" level=trace msg="Using X-Original-URL header content as targeted site URL" method=GET path=/api/verify remote_ip=[ip_redacted]
time="2024-03-15T12:05:29-04:00" level=trace msg="Inactivity report for user 'testuser'. Current Time: 1710518729, Last Activity: 1710518728, Maximum Inactivity: 600." method=GET path=/api/verify remote_ip=[ip_redacted]
time="2024-03-15T12:05:29-04:00" level=trace msg="Checking if we need check the authentication backend for an updated profile for testuser." method=GET path=/api/verify remote_ip=[ip_redacted]
time="2024-03-15T12:05:29-04:00" level=debug msg="Check authorization of subject username=testuser groups=admins,dev ip=[ip_redacted] and object https://podgrab.q9.to/ (method )."
time="2024-03-15T12:05:29-04:00" level=trace msg="ACL MISS Position 1 for subject username=testuser groups=admins,dev ip=[ip_redacted] and object https://podgrab.q9.to/ (method )"
time="2024-03-15T12:05:29-04:00" level=trace msg="ACL MISS Position 2 for subject username=testuser groups=admins,dev ip=[ip_redacted] and object https://podgrab.q9.to/ (method )"
time="2024-03-15T12:05:29-04:00" level=trace msg="ACL HIT Position 3 for subject username=testuser groups=admins,dev ip=[ip_redacted] and object https://podgrab.q9.to/ (method )"
time="2024-03-15T12:05:29-04:00" level=trace msg="Replied (status=200)" method=GET path=/api/verify remote_ip=[ip_redacted]
time="2024-03-15T12:05:29-04:00" level=trace msg="Request hit" method=GET path=/api/verify remote_ip=[ip_redacted]
time="2024-03-15T12:05:29-04:00" level=trace msg="Headers=GET /api/verify HTTP/1.1\r\nUser-Agent: Mozilla/5.0 (Macintosh; Intel Mac OS X 10_15_7) AppleWebKit/537.36 (KHTML, like Gecko) Chrome/122.0.0.0 Safari/537.36\r\nHost: podgrab.q9.to\r\nX-Original-Url: https://podgrab.q9.to/webassets/skeleton.min.css\r\nX-Real-Ip: [ip_redacted]\r\nX-Forwarded-For: [ip_redacted]\r\nX-Forwarded-Proto: https\r\nX-Forwarded-Host: podgrab.q9.to\r\nX-Forwarded-Uri: /webassets/skeleton.min.css\r\nX-Forwarded-Ssl: on\r\nSec-Ch-Ua: \"Chromium\";v=\"122\", \"Not(A:Brand\";v=\"24\", \"Brave\";v=\"122\"\r\nOrigin: https://podgrab.q9.to\r\nSec-Ch-Ua-Mobile: ?0\r\nSec-Ch-Ua-Platform: \"macOS\"\r\nAccept: text/css,*/*;q=0.1\r\nSec-Gpc: 1\r\nAccept-Language: en-US,en;q=0.6\r\nSec-Fetch-Site: same-origin\r\nSec-Fetch-Mode: cors\r\nSec-Fetch-Dest: style\r\nReferer: https://podgrab.q9.to/\r\nAccept-Encoding: gzip, deflate, br\r\nCookie: authelia_session=aKGusAZWBm9*bO0SBldo85NmxHH6IUrD\r\n\r\n" method=GET path=/api/verify remote_ip=[ip_redacted]
time="2024-03-15T12:05:29-04:00" level=trace msg="Using X-Original-URL header content as targeted site URL" method=GET path=/api/verify remote_ip=[ip_redacted]
time="2024-03-15T12:05:29-04:00" level=trace msg="Inactivity report for user 'testuser'. Current Time: 1710518729, Last Activity: 1710518729, Maximum Inactivity: 600." method=GET path=/api/verify remote_ip=[ip_redacted]
time="2024-03-15T12:05:29-04:00" level=trace msg="Checking if we need check the authentication backend for an updated profile for testuser." method=GET path=/api/verify remote_ip=[ip_redacted]
time="2024-03-15T12:05:29-04:00" level=debug msg="Check authorization of subject username=testuser groups=admins,dev ip=[ip_redacted] and object https://podgrab.q9.to/webassets/skeleton.min.css (method )."
time="2024-03-15T12:05:29-04:00" level=trace msg="ACL MISS Position 1 for subject username=testuser groups=admins,dev ip=[ip_redacted] and object https://podgrab.q9.to/webassets/skeleton.min.css (method )"
time="2024-03-15T12:05:29-04:00" level=trace msg="ACL MISS Position 2 for subject username=testuser groups=admins,dev ip=[ip_redacted] and object https://podgrab.q9.to/webassets/skeleton.min.css (method )"
time="2024-03-15T12:05:29-04:00" level=trace msg="ACL HIT Position 3 for subject username=testuser groups=admins,dev ip=[ip_redacted] and object https://podgrab.q9.to/webassets/skeleton.min.css (method )"
time="2024-03-15T12:05:29-04:00" level=trace msg="Replied (status=200)" method=GET path=/api/verify remote_ip=[ip_redacted]
time="2024-03-15T12:05:29-04:00" level=trace msg="Request hit" method=GET path=/api/verify remote_ip=[ip_redacted]
time="2024-03-15T12:05:29-04:00" level=trace msg="Headers=GET /api/verify HTTP/1.1\r\nUser-Agent: Mozilla/5.0 (Macintosh; Intel Mac OS X 10_15_7) AppleWebKit/537.36 (KHTML, like Gecko) Chrome/122.0.0.0 Safari/537.36\r\nHost: podgrab.q9.to\r\nX-Original-Url: https://podgrab.q9.to/webassets/fa/fontawesome.min.css\r\nX-Real-Ip: [ip_redacted]\r\nX-Forwarded-For: [ip_redacted]\r\nX-Forwarded-Proto: https\r\nX-Forwarded-Host: podgrab.q9.to\r\nX-Forwarded-Uri: /webassets/fa/fontawesome.min.css\r\nX-Forwarded-Ssl: on\r\nSec-Ch-Ua: \"Chromium\";v=\"122\", \"Not(A:Brand\";v=\"24\", \"Brave\";v=\"122\"\r\nSec-Ch-Ua-Mobile: ?0\r\nSec-Ch-Ua-Platform: \"macOS\"\r\nAccept: text/css,*/*;q=0.1\r\nSec-Gpc: 1\r\nAccept-Language: en-US,en;q=0.6\r\nSec-Fetch-Site: same-origin\r\nSec-Fetch-Mode: no-cors\r\nSec-Fetch-Dest: style\r\nReferer: https://podgrab.q9.to/\r\nAccept-Encoding: gzip, deflate, br\r\nCookie: authelia_session=aKGusAZWBm9*bO0SBldo85NmxHH6IUrD\r\n\r\n" method=GET path=/api/verify remote_ip=[ip_redacted]
time="2024-03-15T12:05:29-04:00" level=trace msg="Using X-Original-URL header content as targeted site URL" method=GET path=/api/verify remote_ip=[ip_redacted]
time="2024-03-15T12:05:29-04:00" level=trace msg="Inactivity report for user 'testuser'. Current Time: 1710518729, Last Activity: 1710518729, Maximum Inactivity: 600." method=GET path=/api/verify remote_ip=[ip_redacted]
time="2024-03-15T12:05:29-04:00" level=trace msg="Checking if we need check the authentication backend for an updated profile for testuser." method=GET path=/api/verify remote_ip=[ip_redacted]
time="2024-03-15T12:05:29-04:00" level=debug msg="Check authorization of subject username=testuser groups=admins,dev ip=[ip_redacted] and object https://podgrab.q9.to/webassets/fa/fontawesome.min.css (method )."
time="2024-03-15T12:05:29-04:00" level=trace msg="ACL MISS Position 1 for subject username=testuser groups=admins,dev ip=[ip_redacted] and object https://podgrab.q9.to/webassets/fa/fontawesome.min.css (method )"
time="2024-03-15T12:05:29-04:00" level=trace msg="ACL MISS Position 2 for subject username=testuser groups=admins,dev ip=[ip_redacted] and object https://podgrab.q9.to/webassets/fa/fontawesome.min.css (method )"
time="2024-03-15T12:05:29-04:00" level=trace msg="ACL HIT Position 3 for subject username=testuser groups=admins,dev ip=[ip_redacted] and object https://podgrab.q9.to/webassets/fa/fontawesome.min.css (method )"
time="2024-03-15T12:05:29-04:00" level=trace msg="Replied (status=200)" method=GET path=/api/verify remote_ip=[ip_redacted]
time="2024-03-15T12:05:29-04:00" level=trace msg="Request hit" method=GET path=/api/verify remote_ip=[ip_redacted]
time="2024-03-15T12:05:29-04:00" level=trace msg="Headers=GET /api/verify HTTP/1.1\r\nUser-Agent: Mozilla/5.0 (Macintosh; Intel Mac OS X 10_15_7) AppleWebKit/537.36 (KHTML, like Gecko) Chrome/122.0.0.0 Safari/537.36\r\nHost: podgrab.q9.to\r\nX-Original-Url: https://podgrab.q9.to/webassets/modal/vue-modal.css\r\nX-Real-Ip: [ip_redacted]\r\nX-Forwarded-For: [ip_redacted]\r\nX-Forwarded-Proto: https\r\nX-Forwarded-Host: podgrab.q9.to\r\nX-Forwarded-Uri: /webassets/modal/vue-modal.css\r\nX-Forwarded-Ssl: on\r\nSec-Ch-Ua: \"Chromium\";v=\"122\", \"Not(A:Brand\";v=\"24\", \"Brave\";v=\"122\"\r\nSec-Ch-Ua-Mobile: ?0\r\nSec-Ch-Ua-Platform: \"macOS\"\r\nAccept: text/css,*/*;q=0.1\r\nSec-Gpc: 1\r\nAccept-Language: en-US,en;q=0.6\r\nSec-Fetch-Site: same-origin\r\nSec-Fetch-Mode: no-cors\r\nSec-Fetch-Dest: style\r\nReferer: https://podgrab.q9.to/\r\nAccept-Encoding: gzip, deflate, br\r\nCookie: authelia_session=aKGusAZWBm9*bO0SBldo85NmxHH6IUrD\r\n\r\n" method=GET path=/api/verify remote_ip=[ip_redacted]
time="2024-03-15T12:05:29-04:00" level=trace msg="Using X-Original-URL header content as targeted site URL" method=GET path=/api/verify remote_ip=[ip_redacted]
time="2024-03-15T12:05:29-04:00" level=trace msg="Inactivity report for user 'testuser'. Current Time: 1710518729, Last Activity: 1710518729, Maximum Inactivity: 600." method=GET path=/api/verify remote_ip=[ip_redacted]
time="2024-03-15T12:05:29-04:00" level=trace msg="Checking if we need check the authentication backend for an updated profile for testuser." method=GET path=/api/verify remote_ip=[ip_redacted]
time="2024-03-15T12:05:29-04:00" level=debug msg="Check authorization of subject username=testuser groups=admins,dev ip=[ip_redacted] and object https://podgrab.q9.to/webassets/modal/vue-modal.css (method )."
time="2024-03-15T12:05:29-04:00" level=trace msg="ACL MISS Position 1 for subject username=testuser groups=admins,dev ip=[ip_redacted] and object https://podgrab.q9.to/webassets/modal/vue-modal.css (method )"
time="2024-03-15T12:05:29-04:00" level=trace msg="ACL MISS Position 2 for subject username=testuser groups=admins,dev ip=[ip_redacted] and object https://podgrab.q9.to/webassets/modal/vue-modal.css (method )"
time="2024-03-15T12:05:29-04:00" level=trace msg="ACL HIT Position 3 for subject username=testuser groups=admins,dev ip=[ip_redacted] and object https://podgrab.q9.to/webassets/modal/vue-modal.css (method )"
time="2024-03-15T12:05:29-04:00" level=trace msg="Replied (status=200)" method=GET path=/api/verify remote_ip=[ip_redacted]
time="2024-03-15T12:05:29-04:00" level=trace msg="Request hit" method=GET path=/api/verify remote_ip=[ip_redacted]
time="2024-03-15T12:05:29-04:00" level=trace msg="Headers=GET /api/verify HTTP/1.1\r\nUser-Agent: Mozilla/5.0 (Macintosh; Intel Mac OS X 10_15_7) AppleWebKit/537.36 (KHTML, like Gecko) Chrome/122.0.0.0 Safari/537.36\r\nHost: podgrab.q9.to\r\nX-Original-Url: https://podgrab.q9.to/webassets/vue.js\r\nX-Real-Ip: [ip_redacted]\r\nX-Forwarded-For: [ip_redacted]\r\nX-Forwarded-Proto: https\r\nX-Forwarded-Host: podgrab.q9.to\r\nX-Forwarded-Uri: /webassets/vue.js\r\nX-Forwarded-Ssl: on\r\nSec-Ch-Ua: \"Chromium\";v=\"122\", \"Not(A:Brand\";v=\"24\", \"Brave\";v=\"122\"\r\nSec-Ch-Ua-Mobile: ?0\r\nSec-Ch-Ua-Platform: \"macOS\"\r\nAccept: */*\r\nSec-Gpc: 1\r\nAccept-Language: en-US,en;q=0.6\r\nSec-Fetch-Site: same-origin\r\nSec-Fetch-Mode: no-cors\r\nSec-Fetch-Dest: script\r\nReferer: https://podgrab.q9.to/\r\nAccept-Encoding: gzip, deflate, br\r\nCookie: authelia_session=aKGusAZWBm9*bO0SBldo85NmxHH6IUrD\r\n\r\n" method=GET path=/api/verify remote_ip=[ip_redacted]
time="2024-03-15T12:05:29-04:00" level=trace msg="Using X-Original-URL header content as targeted site URL" method=GET path=/api/verify remote_ip=[ip_redacted]
time="2024-03-15T12:05:29-04:00" level=trace msg="Inactivity report for user 'testuser'. Current Time: 1710518729, Last Activity: 1710518729, Maximum Inactivity: 600." method=GET path=/api/verify remote_ip=[ip_redacted]
time="2024-03-15T12:05:29-04:00" level=trace msg="Checking if we need check the authentication backend for an updated profile for testuser." method=GET path=/api/verify remote_ip=[ip_redacted]
time="2024-03-15T12:05:29-04:00" level=debug msg="Check authorization of subject username=testuser groups=admins,dev ip=[ip_redacted] and object https://podgrab.q9.to/webassets/vue.js (method )."
time="2024-03-15T12:05:29-04:00" level=trace msg="ACL MISS Position 1 for subject username=testuser groups=admins,dev ip=[ip_redacted] and object https://podgrab.q9.to/webassets/vue.js (method )"
time="2024-03-15T12:05:29-04:00" level=trace msg="ACL MISS Position 2 for subject username=testuser groups=admins,dev ip=[ip_redacted] and object https://podgrab.q9.to/webassets/vue.js (method )"
time="2024-03-15T12:05:29-04:00" level=trace msg="ACL HIT Position 3 for subject username=testuser groups=admins,dev ip=[ip_redacted] and object https://podgrab.q9.to/webassets/vue.js (method )"
time="2024-03-15T12:05:29-04:00" level=trace msg="Replied (status=200)" method=GET path=/api/verify remote_ip=[ip_redacted]
time="2024-03-15T12:05:29-04:00" level=trace msg="Request hit" method=GET path=/api/verify remote_ip=[ip_redacted]
time="2024-03-15T12:05:29-04:00" level=trace msg="Request hit" method=GET path=/api/verify remote_ip=[ip_redacted]
time="2024-03-15T12:05:29-04:00" level=trace msg="Headers=GET /api/verify HTTP/1.1\r\nUser-Agent: Mozilla/5.0 (Macintosh; Intel Mac OS X 10_15_7) AppleWebKit/537.36 (KHTML, like Gecko) Chrome/122.0.0.0 Safari/537.36\r\nHost: podgrab.q9.to\r\nX-Original-Url: https://podgrab.q9.to/webassets/fa/regular.min.css\r\nX-Real-Ip: [ip_redacted]\r\nX-Forwarded-For: [ip_redacted]\r\nX-Forwarded-Proto: https\r\nX-Forwarded-Host: podgrab.q9.to\r\nX-Forwarded-Uri: /webassets/fa/regular.min.css\r\nX-Forwarded-Ssl: on\r\nSec-Ch-Ua: \"Chromium\";v=\"122\", \"Not(A:Brand\";v=\"24\", \"Brave\";v=\"122\"\r\nSec-Ch-Ua-Mobile: ?0\r\nSec-Ch-Ua-Platform: \"macOS\"\r\nAccept: text/css,*/*;q=0.1\r\nSec-Gpc: 1\r\nAccept-Language: en-US,en;q=0.6\r\nSec-Fetch-Site: same-origin\r\nSec-Fetch-Mode: no-cors\r\nSec-Fetch-Dest: style\r\nReferer: https://podgrab.q9.to/\r\nAccept-Encoding: gzip, deflate, br\r\nCookie: authelia_session=aKGusAZWBm9*bO0SBldo85NmxHH6IUrD\r\n\r\n" method=GET path=/api/verify remote_ip=[ip_redacted]
time="2024-03-15T12:05:29-04:00" level=trace msg="Using X-Original-URL header content as targeted site URL" method=GET path=/api/verify remote_ip=[ip_redacted]
time="2024-03-15T12:05:29-04:00" level=trace msg="Inactivity report for user 'testuser'. Current Time: 1710518729, Last Activity: 1710518729, Maximum Inactivity: 600." method=GET path=/api/verify remote_ip=[ip_redacted]
time="2024-03-15T12:05:29-04:00" level=trace msg="Checking if we need check the authentication backend for an updated profile for testuser." method=GET path=/api/verify remote_ip=[ip_redacted]
time="2024-03-15T12:05:29-04:00" level=debug msg="Check authorization of subject username=testuser groups=admins,dev ip=[ip_redacted] and object https://podgrab.q9.to/webassets/fa/regular.min.css (method )."
time="2024-03-15T12:05:29-04:00" level=trace msg="ACL MISS Position 1 for subject username=testuser groups=admins,dev ip=[ip_redacted] and object https://podgrab.q9.to/webassets/fa/regular.min.css (method )"
time="2024-03-15T12:05:29-04:00" level=trace msg="Headers=GET /api/verify HTTP/1.1\r\nUser-Agent: Mozilla/5.0 (Macintosh; Intel Mac OS X 10_15_7) AppleWebKit/537.36 (KHTML, like Gecko) Chrome/122.0.0.0 Safari/537.36\r\nHost: podgrab.q9.to\r\nX-Original-Url: https://podgrab.q9.to/webassets/fa/solid.min.css\r\nX-Real-Ip: [ip_redacted]\r\nX-Forwarded-For: [ip_redacted]\r\nX-Forwarded-Proto: https\r\nX-Forwarded-Host: podgrab.q9.to\r\nX-Forwarded-Uri: /webassets/fa/solid.min.css\r\nX-Forwarded-Ssl: on\r\nSec-Ch-Ua: \"Chromium\";v=\"122\", \"Not(A:Brand\";v=\"24\", \"Brave\";v=\"122\"\r\nSec-Ch-Ua-Mobile: ?0\r\nSec-Ch-Ua-Platform: \"macOS\"\r\nAccept: text/css,*/*;q=0.1\r\nSec-Gpc: 1\r\nAccept-Language: en-US,en;q=0.6\r\nSec-Fetch-Site: same-origin\r\nSec-Fetch-Mode: no-cors\r\nSec-Fetch-Dest: style\r\nReferer: https://podgrab.q9.to/\r\nAccept-Encoding: gzip, deflate, br\r\nCookie: authelia_session=aKGusAZWBm9*bO0SBldo85NmxHH6IUrD\r\n\r\n" method=GET path=/api/verify remote_ip=[ip_redacted]
time="2024-03-15T12:05:29-04:00" level=trace msg="Using X-Original-URL header content as targeted site URL" method=GET path=/api/verify remote_ip=[ip_redacted]
time="2024-03-15T12:05:29-04:00" level=trace msg="ACL MISS Position 2 for subject username=testuser groups=admins,dev ip=[ip_redacted] and object https://podgrab.q9.to/webassets/fa/regular.min.css (method )"
time="2024-03-15T12:05:29-04:00" level=trace msg="ACL HIT Position 3 for subject username=testuser groups=admins,dev ip=[ip_redacted] and object https://podgrab.q9.to/webassets/fa/regular.min.css (method )"
time="2024-03-15T12:05:29-04:00" level=trace msg="Replied (status=200)" method=GET path=/api/verify remote_ip=[ip_redacted]
time="2024-03-15T12:05:29-04:00" level=trace msg="Inactivity report for user 'testuser'. Current Time: 1710518729, Last Activity: 1710518729, Maximum Inactivity: 600." method=GET path=/api/verify remote_ip=[ip_redacted]
time="2024-03-15T12:05:29-04:00" level=trace msg="Checking if we need check the authentication backend for an updated profile for testuser." method=GET path=/api/verify remote_ip=[ip_redacted]
time="2024-03-15T12:05:29-04:00" level=debug msg="Check authorization of subject username=testuser groups=admins,dev ip=[ip_redacted] and object https://podgrab.q9.to/webassets/fa/solid.min.css (method )."
time="2024-03-15T12:05:29-04:00" level=trace msg="ACL MISS Position 1 for subject username=testuser groups=admins,dev ip=[ip_redacted] and object https://podgrab.q9.to/webassets/fa/solid.min.css (method )"
time="2024-03-15T12:05:29-04:00" level=trace msg="ACL MISS Position 2 for subject username=testuser groups=admins,dev ip=[ip_redacted] and object https://podgrab.q9.to/webassets/fa/solid.min.css (method )"
time="2024-03-15T12:05:29-04:00" level=trace msg="ACL HIT Position 3 for subject username=testuser groups=admins,dev ip=[ip_redacted] and object https://podgrab.q9.to/webassets/fa/solid.min.css (method )"
time="2024-03-15T12:05:29-04:00" level=trace msg="Replied (status=200)" method=GET path=/api/verify remote_ip=[ip_redacted]
time="2024-03-15T12:05:29-04:00" level=trace msg="Request hit" method=GET path=/api/verify remote_ip=[ip_redacted]
time="2024-03-15T12:05:29-04:00" level=trace msg="Headers=GET /api/verify HTTP/1.1\r\nUser-Agent: Mozilla/5.0 (Macintosh; Intel Mac OS X 10_15_7) AppleWebKit/537.36 (KHTML, like Gecko) Chrome/122.0.0.0 Safari/537.36\r\nHost: podgrab.q9.to\r\nX-Original-Url: https://podgrab.q9.to/webassets/tippy-bundle.umd.min.js\r\nX-Real-Ip: [ip_redacted]\r\nX-Forwarded-For: [ip_redacted]\r\nX-Forwarded-Proto: https\r\nX-Forwarded-Host: podgrab.q9.to\r\nX-Forwarded-Uri: /webassets/tippy-bundle.umd.min.js\r\nX-Forwarded-Ssl: on\r\nSec-Ch-Ua: \"Chromium\";v=\"122\", \"Not(A:Brand\";v=\"24\", \"Brave\";v=\"122\"\r\nSec-Ch-Ua-Mobile: ?0\r\nSec-Ch-Ua-Platform: \"macOS\"\r\nAccept: */*\r\nSec-Gpc: 1\r\nAccept-Language: en-US,en;q=0.6\r\nSec-Fetch-Site: same-origin\r\nSec-Fetch-Mode: no-cors\r\nSec-Fetch-Dest: script\r\nReferer: https://podgrab.q9.to/\r\nAccept-Encoding: gzip, deflate, br\r\nCookie: authelia_session=aKGusAZWBm9*bO0SBldo85NmxHH6IUrD\r\n\r\n" method=GET path=/api/verify remote_ip=[ip_redacted]
time="2024-03-15T12:05:29-04:00" level=trace msg="Using X-Original-URL header content as targeted site URL" method=GET path=/api/verify remote_ip=[ip_redacted]
time="2024-03-15T12:05:29-04:00" level=trace msg="Inactivity report for user 'testuser'. Current Time: 1710518729, Last Activity: 1710518729, Maximum Inactivity: 600." method=GET path=/api/verify remote_ip=[ip_redacted]
time="2024-03-15T12:05:29-04:00" level=trace msg="Checking if we need check the authentication backend for an updated profile for testuser." method=GET path=/api/verify remote_ip=[ip_redacted]
time="2024-03-15T12:05:29-04:00" level=debug msg="Check authorization of subject username=testuser groups=admins,dev ip=[ip_redacted] and object https://podgrab.q9.to/webassets/tippy-bundle.umd.min.js (method )."
time="2024-03-15T12:05:29-04:00" level=trace msg="ACL MISS Position 1 for subject username=testuser groups=admins,dev ip=[ip_redacted] and object https://podgrab.q9.to/webassets/tippy-bundle.umd.min.js (method )"
time="2024-03-15T12:05:29-04:00" level=trace msg="ACL MISS Position 2 for subject username=testuser groups=admins,dev ip=[ip_redacted] and object https://podgrab.q9.to/webassets/tippy-bundle.umd.min.js (method )"
time="2024-03-15T12:05:29-04:00" level=trace msg="ACL HIT Position 3 for subject username=testuser groups=admins,dev ip=[ip_redacted] and object https://podgrab.q9.to/webassets/tippy-bundle.umd.min.js (method )"
time="2024-03-15T12:05:29-04:00" level=trace msg="Replied (status=200)" method=GET path=/api/verify remote_ip=[ip_redacted]
time="2024-03-15T12:05:29-04:00" level=trace msg="Request hit" method=GET path=/api/verify remote_ip=[ip_redacted]
time="2024-03-15T12:05:29-04:00" level=trace msg="Headers=GET /api/verify HTTP/1.1\r\nUser-Agent: Mozilla/5.0 (Macintosh; Intel Mac OS X 10_15_7) AppleWebKit/537.36 (KHTML, like Gecko) Chrome/122.0.0.0 Safari/537.36\r\nHost: podgrab.q9.to\r\nX-Original-Url: https://podgrab.q9.to/webassets/modal/vue-modal.umd.min.js\r\nX-Real-Ip: [ip_redacted]\r\nX-Forwarded-For: [ip_redacted]\r\nX-Forwarded-Proto: https\r\nX-Forwarded-Host: podgrab.q9.to\r\nX-Forwarded-Uri: /webassets/modal/vue-modal.umd.min.js\r\nX-Forwarded-Ssl: on\r\nSec-Ch-Ua: \"Chromium\";v=\"122\", \"Not(A:Brand\";v=\"24\", \"Brave\";v=\"122\"\r\nSec-Ch-Ua-Mobile: ?0\r\nSec-Ch-Ua-Platform: \"macOS\"\r\nAccept: */*\r\nSec-Gpc: 1\r\nAccept-Language: en-US,en;q=0.6\r\nSec-Fetch-Site: same-origin\r\nSec-Fetch-Mode: no-cors\r\nSec-Fetch-Dest: script\r\nReferer: https://podgrab.q9.to/\r\nAccept-Encoding: gzip, deflate, br\r\nCookie: authelia_session=aKGusAZWBm9*bO0SBldo85NmxHH6IUrD\r\n\r\n" method=GET path=/api/verify remote_ip=[ip_redacted]
time="2024-03-15T12:05:29-04:00" level=trace msg="Using X-Original-URL header content as targeted site URL" method=GET path=/api/verify remote_ip=[ip_redacted]
time="2024-03-15T12:05:29-04:00" level=trace msg="Inactivity report for user 'testuser'. Current Time: 1710518729, Last Activity: 1710518729, Maximum Inactivity: 600." method=GET path=/api/verify remote_ip=[ip_redacted]
time="2024-03-15T12:05:29-04:00" level=trace msg="Checking if we need check the authentication backend for an updated profile for testuser." method=GET path=/api/verify remote_ip=[ip_redacted]
time="2024-03-15T12:05:29-04:00" level=debug msg="Check authorization of subject username=testuser groups=admins,dev ip=[ip_redacted] and object https://podgrab.q9.to/webassets/modal/vue-modal.umd.min.js (method )."
time="2024-03-15T12:05:29-04:00" level=trace msg="ACL MISS Position 1 for subject username=testuser groups=admins,dev ip=[ip_redacted] and object https://podgrab.q9.to/webassets/modal/vue-modal.umd.min.js (method )"
time="2024-03-15T12:05:29-04:00" level=trace msg="ACL MISS Position 2 for subject username=testuser groups=admins,dev ip=[ip_redacted] and object https://podgrab.q9.to/webassets/modal/vue-modal.umd.min.js (method )"
time="2024-03-15T12:05:29-04:00" level=trace msg="ACL HIT Position 3 for subject username=testuser groups=admins,dev ip=[ip_redacted] and object https://podgrab.q9.to/webassets/modal/vue-modal.umd.min.js (method )"
time="2024-03-15T12:05:29-04:00" level=trace msg="Replied (status=200)" method=GET path=/api/verify remote_ip=[ip_redacted]
time="2024-03-15T12:05:29-04:00" level=trace msg="Request hit" method=GET path=/api/verify remote_ip=[ip_redacted]
time="2024-03-15T12:05:29-04:00" level=trace msg="Headers=GET /api/verify HTTP/1.1\r\nUser-Agent: Mozilla/5.0 (Macintosh; Intel Mac OS X 10_15_7) AppleWebKit/537.36 (KHTML, like Gecko) Chrome/122.0.0.0 Safari/537.36\r\nHost: podgrab.q9.to\r\nX-Original-Url: https://podgrab.q9.to/webassets/axios.min.js\r\nX-Real-Ip: [ip_redacted]\r\nX-Forwarded-For: [ip_redacted]\r\nX-Forwarded-Proto: https\r\nX-Forwarded-Host: podgrab.q9.to\r\nX-Forwarded-Uri: /webassets/axios.min.js\r\nX-Forwarded-Ssl: on\r\nSec-Ch-Ua: \"Chromium\";v=\"122\", \"Not(A:Brand\";v=\"24\", \"Brave\";v=\"122\"\r\nSec-Ch-Ua-Mobile: ?0\r\nSec-Ch-Ua-Platform: \"macOS\"\r\nAccept: */*\r\nSec-Gpc: 1\r\nAccept-Language: en-US,en;q=0.6\r\nSec-Fetch-Site: same-origin\r\nSec-Fetch-Mode: no-cors\r\nSec-Fetch-Dest: script\r\nReferer: https://podgrab.q9.to/\r\nAccept-Encoding: gzip, deflate, br\r\nCookie: authelia_session=aKGusAZWBm9*bO0SBldo85NmxHH6IUrD\r\n\r\n" method=GET path=/api/verify remote_ip=[ip_redacted]
time="2024-03-15T12:05:29-04:00" level=trace msg="Using X-Original-URL header content as targeted site URL" method=GET path=/api/verify remote_ip=[ip_redacted]
time="2024-03-15T12:05:29-04:00" level=trace msg="Inactivity report for user 'testuser'. Current Time: 1710518729, Last Activity: 1710518729, Maximum Inactivity: 600." method=GET path=/api/verify remote_ip=[ip_redacted]
time="2024-03-15T12:05:29-04:00" level=trace msg="Checking if we need check the authentication backend for an updated profile for testuser." method=GET path=/api/verify remote_ip=[ip_redacted]
time="2024-03-15T12:05:29-04:00" level=debug msg="Check authorization of subject username=testuser groups=admins,dev ip=[ip_redacted] and object https://podgrab.q9.to/webassets/axios.min.js (method )."
time="2024-03-15T12:05:29-04:00" level=trace msg="ACL MISS Position 1 for subject username=testuser groups=admins,dev ip=[ip_redacted] and object https://podgrab.q9.to/webassets/axios.min.js (method )"
time="2024-03-15T12:05:29-04:00" level=trace msg="ACL MISS Position 2 for subject username=testuser groups=admins,dev ip=[ip_redacted] and object https://podgrab.q9.to/webassets/axios.min.js (method )"
time="2024-03-15T12:05:29-04:00" level=trace msg="ACL HIT Position 3 for subject username=testuser groups=admins,dev ip=[ip_redacted] and object https://podgrab.q9.to/webassets/axios.min.js (method )"
time="2024-03-15T12:05:29-04:00" level=trace msg="Request hit" method=GET path=/api/verify remote_ip=[ip_redacted]
time="2024-03-15T12:05:29-04:00" level=trace msg="Request hit" method=GET path=/api/verify remote_ip=[ip_redacted]
time="2024-03-15T12:05:29-04:00" level=trace msg="Headers=GET /api/verify HTTP/1.1\r\nUser-Agent: Mozilla/5.0 (Macintosh; Intel Mac OS X 10_15_7) AppleWebKit/537.36 (KHTML, like Gecko) Chrome/122.0.0.0 Safari/537.36\r\nHost: podgrab.q9.to\r\nX-Original-Url: https://podgrab.q9.to/webassets/popper.min.js\r\nX-Real-Ip: [ip_redacted]\r\nX-Forwarded-For: [ip_redacted]\r\nX-Forwarded-Proto: https\r\nX-Forwarded-Host: podgrab.q9.to\r\nX-Forwarded-Uri: /webassets/popper.min.js\r\nX-Forwarded-Ssl: on\r\nSec-Ch-Ua: \"Chromium\";v=\"122\", \"Not(A:Brand\";v=\"24\", \"Brave\";v=\"122\"\r\nSec-Ch-Ua-Mobile: ?0\r\nSec-Ch-Ua-Platform: \"macOS\"\r\nAccept: */*\r\nSec-Gpc: 1\r\nAccept-Language: en-US,en;q=0.6\r\nSec-Fetch-Site: same-origin\r\nSec-Fetch-Mode: no-cors\r\nSec-Fetch-Dest: script\r\nReferer: https://podgrab.q9.to/\r\nAccept-Encoding: gzip, deflate, br\r\nCookie: authelia_session=aKGusAZWBm9*bO0SBldo85NmxHH6IUrD\r\n\r\n" method=GET path=/api/verify remote_ip=[ip_redacted]
time="2024-03-15T12:05:29-04:00" level=trace msg="Using X-Original-URL header content as targeted site URL" method=GET path=/api/verify remote_ip=[ip_redacted]
time="2024-03-15T12:05:29-04:00" level=trace msg="Inactivity report for user 'testuser'. Current Time: 1710518729, Last Activity: 1710518729, Maximum Inactivity: 600." method=GET path=/api/verify remote_ip=[ip_redacted]
time="2024-03-15T12:05:29-04:00" level=trace msg="Checking if we need check the authentication backend for an updated profile for testuser." method=GET path=/api/verify remote_ip=[ip_redacted]
time="2024-03-15T12:05:29-04:00" level=debug msg="Check authorization of subject username=testuser groups=admins,dev ip=[ip_redacted] and object https://podgrab.q9.to/webassets/popper.min.js (method )."
time="2024-03-15T12:05:29-04:00" level=trace msg="ACL MISS Position 1 for subject username=testuser groups=admins,dev ip=[ip_redacted] and object https://podgrab.q9.to/webassets/popper.min.js (method )"
time="2024-03-15T12:05:29-04:00" level=trace msg="ACL MISS Position 2 for subject username=testuser groups=admins,dev ip=[ip_redacted] and object https://podgrab.q9.to/webassets/popper.min.js (method )"
time="2024-03-15T12:05:29-04:00" level=trace msg="ACL HIT Position 3 for subject username=testuser groups=admins,dev ip=[ip_redacted] and object https://podgrab.q9.to/webassets/popper.min.js (method )"
time="2024-03-15T12:05:29-04:00" level=trace msg="Replied (status=200)" method=GET path=/api/verify remote_ip=[ip_redacted]
time="2024-03-15T12:05:29-04:00" level=trace msg="Request hit" method=GET path=/api/verify remote_ip=[ip_redacted]
time="2024-03-15T12:05:29-04:00" level=trace msg="Headers=GET /api/verify HTTP/1.1\r\nUser-Agent: Mozilla/5.0 (Macintosh; Intel Mac OS X 10_15_7) AppleWebKit/537.36 (KHTML, like Gecko) Chrome/122.0.0.0 Safari/537.36\r\nHost: podgrab.q9.to\r\nX-Original-Url: https://podgrab.q9.to/webassets/vue-toasted.min.js\r\nX-Real-Ip: [ip_redacted]\r\nX-Forwarded-For: [ip_redacted]\r\nX-Forwarded-Proto: https\r\nX-Forwarded-Host: podgrab.q9.to\r\nX-Forwarded-Uri: /webassets/vue-toasted.min.js\r\nX-Forwarded-Ssl: on\r\nSec-Ch-Ua: \"Chromium\";v=\"122\", \"Not(A:Brand\";v=\"24\", \"Brave\";v=\"122\"\r\nSec-Ch-Ua-Mobile: ?0\r\nSec-Ch-Ua-Platform: \"macOS\"\r\nAccept: */*\r\nSec-Gpc: 1\r\nAccept-Language: en-US,en;q=0.6\r\nSec-Fetch-Site: same-origin\r\nSec-Fetch-Mode: no-cors\r\nSec-Fetch-Dest: script\r\nReferer: https://podgrab.q9.to/\r\nAccept-Encoding: gzip, deflate, br\r\nCookie: authelia_session=aKGusAZWBm9*bO0SBldo85NmxHH6IUrD\r\n\r\n" method=GET path=/api/verify remote_ip=[ip_redacted]
time="2024-03-15T12:05:29-04:00" level=trace msg="Using X-Original-URL header content as targeted site URL" method=GET path=/api/verify remote_ip=[ip_redacted]
time="2024-03-15T12:05:29-04:00" level=trace msg="Inactivity report for user 'testuser'. Current Time: 1710518729, Last Activity: 1710518729, Maximum Inactivity: 600." method=GET path=/api/verify remote_ip=[ip_redacted]
time="2024-03-15T12:05:29-04:00" level=trace msg="Checking if we need check the authentication backend for an updated profile for testuser." method=GET path=/api/verify remote_ip=[ip_redacted]
time="2024-03-15T12:05:29-04:00" level=debug msg="Check authorization of subject username=testuser groups=admins,dev ip=[ip_redacted] and object https://podgrab.q9.to/webassets/vue-toasted.min.js (method )."
time="2024-03-15T12:05:29-04:00" level=trace msg="ACL MISS Position 1 for subject username=testuser groups=admins,dev ip=[ip_redacted] and object https://podgrab.q9.to/webassets/vue-toasted.min.js (method )"
time="2024-03-15T12:05:29-04:00" level=trace msg="ACL MISS Position 2 for subject username=testuser groups=admins,dev ip=[ip_redacted] and object https://podgrab.q9.to/webassets/vue-toasted.min.js (method )"
time="2024-03-15T12:05:29-04:00" level=trace msg="ACL HIT Position 3 for subject username=testuser groups=admins,dev ip=[ip_redacted] and object https://podgrab.q9.to/webassets/vue-toasted.min.js (method )"
time="2024-03-15T12:05:29-04:00" level=trace msg="Replied (status=200)" method=GET path=/api/verify remote_ip=[ip_redacted]
time="2024-03-15T12:05:29-04:00" level=trace msg="Replied (status=200)" method=GET path=/api/verify remote_ip=[ip_redacted]
time="2024-03-15T12:05:29-04:00" level=trace msg="Headers=GET /api/verify HTTP/1.1\r\nUser-Agent: Mozilla/5.0 (Macintosh; Intel Mac OS X 10_15_7) AppleWebKit/537.36 (KHTML, like Gecko) Chrome/122.0.0.0 Safari/537.36\r\nHost: podgrab.q9.to\r\nX-Original-Url: https://podgrab.q9.to/webassets/stopword.js\r\nX-Real-Ip: [ip_redacted]\r\nX-Forwarded-For: [ip_redacted]\r\nX-Forwarded-Proto: https\r\nX-Forwarded-Host: podgrab.q9.to\r\nX-Forwarded-Uri: /webassets/stopword.js\r\nX-Forwarded-Ssl: on\r\nSec-Ch-Ua: \"Chromium\";v=\"122\", \"Not(A:Brand\";v=\"24\", \"Brave\";v=\"122\"\r\nSec-Ch-Ua-Mobile: ?0\r\nSec-Ch-Ua-Platform: \"macOS\"\r\nAccept: */*\r\nSec-Gpc: 1\r\nAccept-Language: en-US,en;q=0.6\r\nSec-Fetch-Site: same-origin\r\nSec-Fetch-Mode: no-cors\r\nSec-Fetch-Dest: script\r\nReferer: https://podgrab.q9.to/\r\nAccept-Encoding: gzip, deflate, br\r\nCookie: authelia_session=aKGusAZWBm9*bO0SBldo85NmxHH6IUrD\r\n\r\n" method=GET path=/api/verify remote_ip=[ip_redacted]
time="2024-03-15T12:05:29-04:00" level=trace msg="Using X-Original-URL header content as targeted site URL" method=GET path=/api/verify remote_ip=[ip_redacted]
time="2024-03-15T12:05:29-04:00" level=trace msg="Inactivity report for user 'testuser'. Current Time: 1710518729, Last Activity: 1710518729, Maximum Inactivity: 600." method=GET path=/api/verify remote_ip=[ip_redacted]
time="2024-03-15T12:05:29-04:00" level=trace msg="Checking if we need check the authentication backend for an updated profile for testuser." method=GET path=/api/verify remote_ip=[ip_redacted]
time="2024-03-15T12:05:29-04:00" level=debug msg="Check authorization of subject username=testuser groups=admins,dev ip=[ip_redacted] and object https://podgrab.q9.to/webassets/stopword.js (method )."
time="2024-03-15T12:05:29-04:00" level=trace msg="ACL MISS Position 1 for subject username=testuser groups=admins,dev ip=[ip_redacted] and object https://podgrab.q9.to/webassets/stopword.js (method )"
time="2024-03-15T12:05:29-04:00" level=trace msg="ACL MISS Position 2 for subject username=testuser groups=admins,dev ip=[ip_redacted] and object https://podgrab.q9.to/webassets/stopword.js (method )"
time="2024-03-15T12:05:29-04:00" level=trace msg="ACL HIT Position 3 for subject username=testuser groups=admins,dev ip=[ip_redacted] and object https://podgrab.q9.to/webassets/stopword.js (method )"
time="2024-03-15T12:05:29-04:00" level=trace msg="Replied (status=200)" method=GET path=/api/verify remote_ip=[ip_redacted]
time="2024-03-15T12:05:29-04:00" level=trace msg="Request hit" method=GET path=/api/verify remote_ip=[ip_redacted]
time="2024-03-15T12:05:29-04:00" level=trace msg="Request hit" method=GET path=/api/verify remote_ip=[ip_redacted]
time="2024-03-15T12:05:29-04:00" level=trace msg="Headers=GET /api/verify HTTP/1.1\r\nUser-Agent: Mozilla/5.0 (Macintosh; Intel Mac OS X 10_15_7) AppleWebKit/537.36 (KHTML, like Gecko) Chrome/122.0.0.0 Safari/537.36\r\nHost: podgrab.q9.to\r\nX-Original-Url: https://podgrab.q9.to/podcasts/ce4cf45e-be4d-401f-b85c-d33b645fc615/image\r\nX-Real-Ip: [ip_redacted]\r\nX-Forwarded-For: [ip_redacted]\r\nX-Forwarded-Proto: https\r\nX-Forwarded-Host: podgrab.q9.to\r\nX-Forwarded-Uri: /podcasts/ce4cf45e-be4d-401f-b85c-d33b645fc615/image\r\nX-Forwarded-Ssl: on\r\nSec-Ch-Ua: \"Chromium\";v=\"122\", \"Not(A:Brand\";v=\"24\", \"Brave\";v=\"122\"\r\nSec-Ch-Ua-Mobile: ?0\r\nSec-Ch-Ua-Platform: \"macOS\"\r\nAccept: image/avif,image/webp,image/apng,image/svg+xml,image/*,*/*;q=0.8\r\nSec-Gpc: 1\r\nAccept-Language: en-US,en;q=0.6\r\nSec-Fetch-Site: same-origin\r\nSec-Fetch-Mode: no-cors\r\nSec-Fetch-Dest: image\r\nReferer: https://podgrab.q9.to/\r\nAccept-Encoding: gzip, deflate, br\r\nCookie: authelia_session=aKGusAZWBm9*bO0SBldo85NmxHH6IUrD\r\n\r\n" method=GET path=/api/verify remote_ip=[ip_redacted]
time="2024-03-15T12:05:29-04:00" level=trace msg="Headers=GET /api/verify HTTP/1.1\r\nUser-Agent: Mozilla/5.0 (Macintosh; Intel Mac OS X 10_15_7) AppleWebKit/537.36 (KHTML, like Gecko) Chrome/122.0.0.0 Safari/537.36\r\nHost: podgrab.q9.to\r\nX-Original-Url: https://podgrab.q9.to/podcasts/a1187596-21e8-477a-94a4-80499a40eac6/image\r\nX-Real-Ip: [ip_redacted]\r\nX-Forwarded-For: [ip_redacted]\r\nX-Forwarded-Proto: https\r\nX-Forwarded-Host: podgrab.q9.to\r\nX-Forwarded-Uri: /podcasts/a1187596-21e8-477a-94a4-80499a40eac6/image\r\nX-Forwarded-Ssl: on\r\nSec-Ch-Ua: \"Chromium\";v=\"122\", \"Not(A:Brand\";v=\"24\", \"Brave\";v=\"122\"\r\nSec-Ch-Ua-Mobile: ?0\r\nSec-Ch-Ua-Platform: \"macOS\"\r\nAccept: image/avif,image/webp,image/apng,image/svg+xml,image/*,*/*;q=0.8\r\nSec-Gpc: 1\r\nAccept-Language: en-US,en;q=0.6\r\nSec-Fetch-Site: same-origin\r\nSec-Fetch-Mode: no-cors\r\nSec-Fetch-Dest: image\r\nReferer: https://podgrab.q9.to/\r\nAccept-Encoding: gzip, deflate, br\r\nCookie: authelia_session=aKGusAZWBm9*bO0SBldo85NmxHH6IUrD\r\n\r\n" method=GET path=/api/verify remote_ip=[ip_redacted]
time="2024-03-15T12:05:29-04:00" level=trace msg="Request hit" method=GET path=/api/verify remote_ip=[ip_redacted]
time="2024-03-15T12:05:29-04:00" level=trace msg="Using X-Original-URL header content as targeted site URL" method=GET path=/api/verify remote_ip=[ip_redacted]
time="2024-03-15T12:05:29-04:00" level=trace msg="Using X-Original-URL header content as targeted site URL" method=GET path=/api/verify remote_ip=[ip_redacted]
time="2024-03-15T12:05:29-04:00" level=trace msg="Inactivity report for user 'testuser'. Current Time: 1710518729, Last Activity: 1710518729, Maximum Inactivity: 600." method=GET path=/api/verify remote_ip=[ip_redacted]
time="2024-03-15T12:05:29-04:00" level=trace msg="Headers=GET /api/verify HTTP/1.1\r\nUser-Agent: Mozilla/5.0 (Macintosh; Intel Mac OS X 10_15_7) AppleWebKit/537.36 (KHTML, like Gecko) Chrome/122.0.0.0 Safari/537.36\r\nHost: podgrab.q9.to\r\nX-Original-Url: https://podgrab.q9.to/podcasts/f300e981-9b44-4d1a-8ce2-d9a13d277e6f/image\r\nX-Real-Ip: [ip_redacted]\r\nX-Forwarded-For: [ip_redacted]\r\nX-Forwarded-Proto: https\r\nX-Forwarded-Host: podgrab.q9.to\r\nX-Forwarded-Uri: /podcasts/f300e981-9b44-4d1a-8ce2-d9a13d277e6f/image\r\nX-Forwarded-Ssl: on\r\nSec-Ch-Ua: \"Chromium\";v=\"122\", \"Not(A:Brand\";v=\"24\", \"Brave\";v=\"122\"\r\nSec-Ch-Ua-Mobile: ?0\r\nSec-Ch-Ua-Platform: \"macOS\"\r\nAccept: image/avif,image/webp,image/apng,image/svg+xml,image/*,*/*;q=0.8\r\nSec-Gpc: 1\r\nAccept-Language: en-US,en;q=0.6\r\nSec-Fetch-Site: same-origin\r\nSec-Fetch-Mode: no-cors\r\nSec-Fetch-Dest: image\r\nReferer: https://podgrab.q9.to/\r\nAccept-Encoding: gzip, deflate, br\r\nCookie: authelia_session=aKGusAZWBm9*bO0SBldo85NmxHH6IUrD\r\n\r\n" method=GET path=/api/verify remote_ip=[ip_redacted]
time="2024-03-15T12:05:29-04:00" level=trace msg="Using X-Original-URL header content as targeted site URL" method=GET path=/api/verify remote_ip=[ip_redacted]
time="2024-03-15T12:05:29-04:00" level=trace msg="Inactivity report for user 'testuser'. Current Time: 1710518729, Last Activity: 1710518729, Maximum Inactivity: 600." method=GET path=/api/verify remote_ip=[ip_redacted]
time="2024-03-15T12:05:29-04:00" level=trace msg="Checking if we need check the authentication backend for an updated profile for testuser." method=GET path=/api/verify remote_ip=[ip_redacted]
time="2024-03-15T12:05:29-04:00" level=debug msg="Check authorization of subject username=testuser groups=admins,dev ip=[ip_redacted] and object https://podgrab.q9.to/podcasts/a1187596-21e8-477a-94a4-80499a40eac6/image (method )."
time="2024-03-15T12:05:29-04:00" level=trace msg="Inactivity report for user 'testuser'. Current Time: 1710518729, Last Activity: 1710518729, Maximum Inactivity: 600." method=GET path=/api/verify remote_ip=[ip_redacted]
time="2024-03-15T12:05:29-04:00" level=trace msg="Checking if we need check the authentication backend for an updated profile for testuser." method=GET path=/api/verify remote_ip=[ip_redacted]
time="2024-03-15T12:05:29-04:00" level=debug msg="Check authorization of subject username=testuser groups=admins,dev ip=[ip_redacted] and object https://podgrab.q9.to/podcasts/f300e981-9b44-4d1a-8ce2-d9a13d277e6f/image (method )."
time="2024-03-15T12:05:29-04:00" level=trace msg="ACL MISS Position 1 for subject username=testuser groups=admins,dev ip=[ip_redacted] and object https://podgrab.q9.to/podcasts/a1187596-21e8-477a-94a4-80499a40eac6/image (method )"
time="2024-03-15T12:05:29-04:00" level=trace msg="ACL MISS Position 1 for subject username=testuser groups=admins,dev ip=[ip_redacted] and object https://podgrab.q9.to/podcasts/f300e981-9b44-4d1a-8ce2-d9a13d277e6f/image (method )"
time="2024-03-15T12:05:29-04:00" level=trace msg="ACL MISS Position 2 for subject username=testuser groups=admins,dev ip=[ip_redacted] and object https://podgrab.q9.to/podcasts/f300e981-9b44-4d1a-8ce2-d9a13d277e6f/image (method )"
time="2024-03-15T12:05:29-04:00" level=trace msg="ACL MISS Position 2 for subject username=testuser groups=admins,dev ip=[ip_redacted] and object https://podgrab.q9.to/podcasts/a1187596-21e8-477a-94a4-80499a40eac6/image (method )"
time="2024-03-15T12:05:29-04:00" level=trace msg="ACL HIT Position 3 for subject username=testuser groups=admins,dev ip=[ip_redacted] and object https://podgrab.q9.to/podcasts/a1187596-21e8-477a-94a4-80499a40eac6/image (method )"
time="2024-03-15T12:05:29-04:00" level=trace msg="Checking if we need check the authentication backend for an updated profile for testuser." method=GET path=/api/verify remote_ip=[ip_redacted]
time="2024-03-15T12:05:29-04:00" level=debug msg="Check authorization of subject username=testuser groups=admins,dev ip=[ip_redacted] and object https://podgrab.q9.to/podcasts/ce4cf45e-be4d-401f-b85c-d33b645fc615/image (method )."
time="2024-03-15T12:05:29-04:00" level=trace msg="Request hit" method=GET path=/api/verify remote_ip=[ip_redacted]
time="2024-03-15T12:05:29-04:00" level=trace msg="ACL HIT Position 3 for subject username=testuser groups=admins,dev ip=[ip_redacted] and object https://podgrab.q9.to/podcasts/f300e981-9b44-4d1a-8ce2-d9a13d277e6f/image (method )"
time="2024-03-15T12:05:29-04:00" level=trace msg="Replied (status=200)" method=GET path=/api/verify remote_ip=[ip_redacted]
time="2024-03-15T12:05:29-04:00" level=trace msg="Replied (status=200)" method=GET path=/api/verify remote_ip=[ip_redacted]
time="2024-03-15T12:05:29-04:00" level=trace msg="ACL MISS Position 1 for subject username=testuser groups=admins,dev ip=[ip_redacted] and object https://podgrab.q9.to/podcasts/ce4cf45e-be4d-401f-b85c-d33b645fc615/image (method )"
time="2024-03-15T12:05:29-04:00" level=trace msg="ACL MISS Position 2 for subject username=testuser groups=admins,dev ip=[ip_redacted] and object https://podgrab.q9.to/podcasts/ce4cf45e-be4d-401f-b85c-d33b645fc615/image (method )"
time="2024-03-15T12:05:29-04:00" level=trace msg="ACL HIT Position 3 for subject username=testuser groups=admins,dev ip=[ip_redacted] and object https://podgrab.q9.to/podcasts/ce4cf45e-be4d-401f-b85c-d33b645fc615/image (method )"
time="2024-03-15T12:05:29-04:00" level=trace msg="Replied (status=200)" method=GET path=/api/verify remote_ip=[ip_redacted]
time="2024-03-15T12:05:29-04:00" level=trace msg="Request hit" method=GET path=/api/verify remote_ip=[ip_redacted]
time="2024-03-15T12:05:29-04:00" level=trace msg="Headers=GET /api/verify HTTP/1.1\r\nUser-Agent: Mozilla/5.0 (Macintosh; Intel Mac OS X 10_15_7) AppleWebKit/537.36 (KHTML, like Gecko) Chrome/122.0.0.0 Safari/537.36\r\nHost: podgrab.q9.to\r\nX-Original-Url: https://podgrab.q9.to/podcasts/97cac0bd-cd04-4991-8bb6-fc9bfba1e021/image\r\nX-Real-Ip: [ip_redacted]\r\nX-Forwarded-For: [ip_redacted]\r\nX-Forwarded-Proto: https\r\nX-Forwarded-Host: podgrab.q9.to\r\nX-Forwarded-Uri: /podcasts/97cac0bd-cd04-4991-8bb6-fc9bfba1e021/image\r\nX-Forwarded-Ssl: on\r\nSec-Ch-Ua: \"Chromium\";v=\"122\", \"Not(A:Brand\";v=\"24\", \"Brave\";v=\"122\"\r\nSec-Ch-Ua-Mobile: ?0\r\nSec-Ch-Ua-Platform: \"macOS\"\r\nAccept: image/avif,image/webp,image/apng,image/svg+xml,image/*,*/*;q=0.8\r\nSec-Gpc: 1\r\nAccept-Language: en-US,en;q=0.6\r\nSec-Fetch-Site: same-origin\r\nSec-Fetch-Mode: no-cors\r\nSec-Fetch-Dest: image\r\nReferer: https://podgrab.q9.to/\r\nAccept-Encoding: gzip, deflate, br\r\nCookie: authelia_session=aKGusAZWBm9*bO0SBldo85NmxHH6IUrD\r\n\r\n" method=GET path=/api/verify remote_ip=[ip_redacted]
time="2024-03-15T12:05:29-04:00" level=trace msg="Using X-Original-URL header content as targeted site URL" method=GET path=/api/verify remote_ip=[ip_redacted]
time="2024-03-15T12:05:29-04:00" level=trace msg="Inactivity report for user 'testuser'. Current Time: 1710518729, Last Activity: 1710518729, Maximum Inactivity: 600." method=GET path=/api/verify remote_ip=[ip_redacted]
time="2024-03-15T12:05:29-04:00" level=trace msg="Checking if we need check the authentication backend for an updated profile for testuser." method=GET path=/api/verify remote_ip=[ip_redacted]
time="2024-03-15T12:05:29-04:00" level=debug msg="Check authorization of subject username=testuser groups=admins,dev ip=[ip_redacted] and object https://podgrab.q9.to/podcasts/97cac0bd-cd04-4991-8bb6-fc9bfba1e021/image (method )."
time="2024-03-15T12:05:29-04:00" level=trace msg="ACL MISS Position 1 for subject username=testuser groups=admins,dev ip=[ip_redacted] and object https://podgrab.q9.to/podcasts/97cac0bd-cd04-4991-8bb6-fc9bfba1e021/image (method )"
time="2024-03-15T12:05:29-04:00" level=trace msg="ACL MISS Position 2 for subject username=testuser groups=admins,dev ip=[ip_redacted] and object https://podgrab.q9.to/podcasts/97cac0bd-cd04-4991-8bb6-fc9bfba1e021/image (method )"
time="2024-03-15T12:05:29-04:00" level=trace msg="ACL HIT Position 3 for subject username=testuser groups=admins,dev ip=[ip_redacted] and object https://podgrab.q9.to/podcasts/97cac0bd-cd04-4991-8bb6-fc9bfba1e021/image (method )"
time="2024-03-15T12:05:29-04:00" level=trace msg="Replied (status=200)" method=GET path=/api/verify remote_ip=[ip_redacted]
time="2024-03-15T12:05:29-04:00" level=trace msg="Request hit" method=GET path=/api/verify remote_ip=[ip_redacted]
time="2024-03-15T12:05:29-04:00" level=trace msg="Headers=GET /api/verify HTTP/1.1\r\nUser-Agent: Mozilla/5.0 (Macintosh; Intel Mac OS X 10_15_7) AppleWebKit/537.36 (KHTML, like Gecko) Chrome/122.0.0.0 Safari/537.36\r\nHost: podgrab.q9.to\r\nX-Original-Url: https://podgrab.q9.to/tags\r\nX-Real-Ip: [ip_redacted]\r\nX-Forwarded-For: [ip_redacted]\r\nX-Forwarded-Proto: https\r\nX-Forwarded-Host: podgrab.q9.to\r\nX-Forwarded-Uri: /tags\r\nX-Forwarded-Ssl: on\r\nSec-Ch-Ua: \"Chromium\";v=\"122\", \"Not(A:Brand\";v=\"24\", \"Brave\";v=\"122\"\r\nAccept: application/json, text/plain, */*\r\nSec-Ch-Ua-Mobile: ?0\r\nSec-Ch-Ua-Platform: \"macOS\"\r\nSec-Gpc: 1\r\nAccept-Language: en-US,en;q=0.6\r\nSec-Fetch-Site: same-origin\r\nSec-Fetch-Mode: cors\r\nSec-Fetch-Dest: empty\r\nReferer: https://podgrab.q9.to/\r\nAccept-Encoding: gzip, deflate, br\r\nCookie: authelia_session=aKGusAZWBm9*bO0SBldo85NmxHH6IUrD\r\n\r\n" method=GET path=/api/verify remote_ip=[ip_redacted]
time="2024-03-15T12:05:29-04:00" level=trace msg="Headers=GET /api/verify HTTP/1.1\r\nUser-Agent: Mozilla/5.0 (Macintosh; Intel Mac OS X 10_15_7) AppleWebKit/537.36 (KHTML, like Gecko) Chrome/122.0.0.0 Safari/537.36\r\nHost: podgrab.q9.to\r\nX-Original-Url: https://podgrab.q9.to/podcasts/ef505020-9aff-4691-9e91-13cdbf5b8b78/image\r\nX-Real-Ip: [ip_redacted]\r\nX-Forwarded-For: [ip_redacted]\r\nX-Forwarded-Proto: https\r\nX-Forwarded-Host: podgrab.q9.to\r\nX-Forwarded-Uri: /podcasts/ef505020-9aff-4691-9e91-13cdbf5b8b78/image\r\nX-Forwarded-Ssl: on\r\nSec-Ch-Ua: \"Chromium\";v=\"122\", \"Not(A:Brand\";v=\"24\", \"Brave\";v=\"122\"\r\nSec-Ch-Ua-Mobile: ?0\r\nSec-Ch-Ua-Platform: \"macOS\"\r\nAccept: image/avif,image/webp,image/apng,image/svg+xml,image/*,*/*;q=0.8\r\nSec-Gpc: 1\r\nAccept-Language: en-US,en;q=0.6\r\nSec-Fetch-Site: same-origin\r\nSec-Fetch-Mode: no-cors\r\nSec-Fetch-Dest: image\r\nReferer: https://podgrab.q9.to/\r\nAccept-Encoding: gzip, deflate, br\r\nCookie: authelia_session=aKGusAZWBm9*bO0SBldo85NmxHH6IUrD\r\n\r\n" method=GET path=/api/verify remote_ip=[ip_redacted]
time="2024-03-15T12:05:29-04:00" level=trace msg="Using X-Original-URL header content as targeted site URL" method=GET path=/api/verify remote_ip=[ip_redacted]
time="2024-03-15T12:05:29-04:00" level=trace msg="Inactivity report for user 'testuser'. Current Time: 1710518729, Last Activity: 1710518729, Maximum Inactivity: 600." method=GET path=/api/verify remote_ip=[ip_redacted]
time="2024-03-15T12:05:29-04:00" level=trace msg="Checking if we need check the authentication backend for an updated profile for testuser." method=GET path=/api/verify remote_ip=[ip_redacted]
time="2024-03-15T12:05:29-04:00" level=debug msg="Check authorization of subject username=testuser groups=admins,dev ip=[ip_redacted] and object https://podgrab.q9.to/podcasts/ef505020-9aff-4691-9e91-13cdbf5b8b78/image (method )."
time="2024-03-15T12:05:29-04:00" level=trace msg="ACL MISS Position 1 for subject username=testuser groups=admins,dev ip=[ip_redacted] and object https://podgrab.q9.to/podcasts/ef505020-9aff-4691-9e91-13cdbf5b8b78/image (method )"
time="2024-03-15T12:05:29-04:00" level=trace msg="ACL MISS Position 2 for subject username=testuser groups=admins,dev ip=[ip_redacted] and object https://podgrab.q9.to/podcasts/ef505020-9aff-4691-9e91-13cdbf5b8b78/image (method )"
time="2024-03-15T12:05:29-04:00" level=trace msg="ACL HIT Position 3 for subject username=testuser groups=admins,dev ip=[ip_redacted] and object https://podgrab.q9.to/podcasts/ef505020-9aff-4691-9e91-13cdbf5b8b78/image (method )"
time="2024-03-15T12:05:29-04:00" level=trace msg="Replied (status=200)" method=GET path=/api/verify remote_ip=[ip_redacted]
time="2024-03-15T12:05:29-04:00" level=trace msg="Using X-Original-URL header content as targeted site URL" method=GET path=/api/verify remote_ip=[ip_redacted]
time="2024-03-15T12:05:29-04:00" level=trace msg="Inactivity report for user 'testuser'. Current Time: 1710518729, Last Activity: 1710518729, Maximum Inactivity: 600." method=GET path=/api/verify remote_ip=[ip_redacted]
time="2024-03-15T12:05:29-04:00" level=trace msg="Checking if we need check the authentication backend for an updated profile for testuser." method=GET path=/api/verify remote_ip=[ip_redacted]
time="2024-03-15T12:05:29-04:00" level=trace msg="Request hit" method=GET path=/api/verify remote_ip=[ip_redacted]
time="2024-03-15T12:05:29-04:00" level=debug msg="Check authorization of subject username=testuser groups=admins,dev ip=[ip_redacted] and object https://podgrab.q9.to/tags (method )."
time="2024-03-15T12:05:29-04:00" level=trace msg="Headers=GET /api/verify HTTP/1.1\r\nUser-Agent: Mozilla/5.0 (Macintosh; Intel Mac OS X 10_15_7) AppleWebKit/537.36 (KHTML, like Gecko) Chrome/122.0.0.0 Safari/537.36\r\nHost: podgrab.q9.to\r\nX-Original-Url: https://podgrab.q9.to/webassets/webfonts/fa-solid-900.woff2\r\nX-Real-Ip: [ip_redacted]\r\nX-Forwarded-For: [ip_redacted]\r\nX-Forwarded-Proto: https\r\nX-Forwarded-Host: podgrab.q9.to\r\nX-Forwarded-Uri: /webassets/webfonts/fa-solid-900.woff2\r\nX-Forwarded-Ssl: on\r\nSec-Ch-Ua: \"Chromium\";v=\"122\", \"Not(A:Brand\";v=\"24\", \"Brave\";v=\"122\"\r\nOrigin: https://podgrab.q9.to\r\nSec-Ch-Ua-Mobile: ?0\r\nSec-Ch-Ua-Platform: \"macOS\"\r\nAccept: */*\r\nSec-Gpc: 1\r\nAccept-Language: en-US,en;q=0.6\r\nSec-Fetch-Site: same-origin\r\nSec-Fetch-Mode: cors\r\nSec-Fetch-Dest: font\r\nReferer: https://podgrab.q9.to/webassets/fa/solid.min.css\r\nAccept-Encoding: gzip, deflate, br\r\nCookie: authelia_session=aKGusAZWBm9*bO0SBldo85NmxHH6IUrD\r\n\r\n" method=GET path=/api/verify remote_ip=[ip_redacted]
time="2024-03-15T12:05:29-04:00" level=trace msg="Using X-Original-URL header content as targeted site URL" method=GET path=/api/verify remote_ip=[ip_redacted]
time="2024-03-15T12:05:29-04:00" level=trace msg="ACL MISS Position 1 for subject username=testuser groups=admins,dev ip=[ip_redacted] and object https://podgrab.q9.to/tags (method )"
time="2024-03-15T12:05:29-04:00" level=trace msg="ACL MISS Position 2 for subject username=testuser groups=admins,dev ip=[ip_redacted] and object https://podgrab.q9.to/tags (method )"
time="2024-03-15T12:05:29-04:00" level=trace msg="Inactivity report for user 'testuser'. Current Time: 1710518729, Last Activity: 1710518729, Maximum Inactivity: 600." method=GET path=/api/verify remote_ip=[ip_redacted]
time="2024-03-15T12:05:29-04:00" level=trace msg="Checking if we need check the authentication backend for an updated profile for testuser." method=GET path=/api/verify remote_ip=[ip_redacted]
time="2024-03-15T12:05:29-04:00" level=debug msg="Check authorization of subject username=testuser groups=admins,dev ip=[ip_redacted] and object https://podgrab.q9.to/webassets/webfonts/fa-solid-900.woff2 (method )."
time="2024-03-15T12:05:29-04:00" level=trace msg="ACL MISS Position 1 for subject username=testuser groups=admins,dev ip=[ip_redacted] and object https://podgrab.q9.to/webassets/webfonts/fa-solid-900.woff2 (method )"
time="2024-03-15T12:05:29-04:00" level=trace msg="ACL MISS Position 2 for subject username=testuser groups=admins,dev ip=[ip_redacted] and object https://podgrab.q9.to/webassets/webfonts/fa-solid-900.woff2 (method )"
time="2024-03-15T12:05:29-04:00" level=trace msg="ACL HIT Position 3 for subject username=testuser groups=admins,dev ip=[ip_redacted] and object https://podgrab.q9.to/webassets/webfonts/fa-solid-900.woff2 (method )"
time="2024-03-15T12:05:29-04:00" level=trace msg="ACL HIT Position 3 for subject username=testuser groups=admins,dev ip=[ip_redacted] and object https://podgrab.q9.to/tags (method )"
time="2024-03-15T12:05:29-04:00" level=trace msg="Replied (status=200)" method=GET path=/api/verify remote_ip=[ip_redacted]
time="2024-03-15T12:05:29-04:00" level=trace msg="Replied (status=200)" method=GET path=/api/verify remote_ip=[ip_redacted]
time="2024-03-15T12:05:29-04:00" level=trace msg="Request hit" method=GET path=/api/verify remote_ip=[ip_redacted]
time="2024-03-15T12:05:29-04:00" level=trace msg="Headers=GET /api/verify HTTP/1.1\r\nUser-Agent: Mozilla/5.0 (Macintosh; Intel Mac OS X 10_15_7) AppleWebKit/537.36 (KHTML, like Gecko) Chrome/122.0.0.0 Safari/537.36\r\nHost: podgrab.q9.to\r\nX-Original-Url: https://podgrab.q9.to/ws\r\nX-Real-Ip: [ip_redacted]\r\nX-Forwarded-For: [ip_redacted]\r\nX-Forwarded-Proto: https\r\nX-Forwarded-Host: podgrab.q9.to\r\nX-Forwarded-Uri: /ws\r\nX-Forwarded-Ssl: on\r\nPragma: no-cache\r\nCache-Control: no-cache\r\nOrigin: https://podgrab.q9.to\r\nSec-Websocket-Version: 13\r\nAccept-Encoding: gzip, deflate, br\r\nAccept-Language: en-US,en;q=0.9\r\nCookie: authelia_session=aKGusAZWBm9*bO0SBldo85NmxHH6IUrD\r\nSec-Gpc: 1\r\nSec-Websocket-Key: nz5qAJLLi3x3KewGP/GjqA==\r\nSec-Websocket-Extensions: permessage-deflate; client_max_window_bits\r\n\r\n" method=GET path=/api/verify remote_ip=[ip_redacted]
time="2024-03-15T12:05:29-04:00" level=trace msg="Using X-Original-URL header content as targeted site URL" method=GET path=/api/verify remote_ip=[ip_redacted]
time="2024-03-15T12:05:29-04:00" level=trace msg="Inactivity report for user 'testuser'. Current Time: 1710518729, Last Activity: 1710518729, Maximum Inactivity: 600." method=GET path=/api/verify remote_ip=[ip_redacted]
time="2024-03-15T12:05:29-04:00" level=trace msg="Checking if we need check the authentication backend for an updated profile for testuser." method=GET path=/api/verify remote_ip=[ip_redacted]
time="2024-03-15T12:05:29-04:00" level=debug msg="Check authorization of subject username=testuser groups=admins,dev ip=[ip_redacted] and object https://podgrab.q9.to/ws (method )."
time="2024-03-15T12:05:29-04:00" level=trace msg="ACL MISS Position 1 for subject username=testuser groups=admins,dev ip=[ip_redacted] and object https://podgrab.q9.to/ws (method )"
time="2024-03-15T12:05:29-04:00" level=trace msg="ACL MISS Position 2 for subject username=testuser groups=admins,dev ip=[ip_redacted] and object https://podgrab.q9.to/ws (method )"
time="2024-03-15T12:05:29-04:00" level=trace msg="ACL HIT Position 3 for subject username=testuser groups=admins,dev ip=[ip_redacted] and object https://podgrab.q9.to/ws (method )"
time="2024-03-15T12:05:29-04:00" level=trace msg="Replied (status=200)" method=GET path=/api/verify remote_ip=[ip_redacted]
time="2024-03-15T12:05:37-04:00" level=trace msg="Request hit" method=GET path=/api/health remote_ip=127.0.0.1
time="2024-03-15T12:05:37-04:00" level=trace msg="Replied (status=200)" method=GET path=/api/health remote_ip=127.0.0.1
time="2024-03-15T12:06:07-04:00" level=trace msg="Request hit" method=GET path=/api/health remote_ip=127.0.0.1
time="2024-03-15T12:06:07-04:00" level=trace msg="Replied (status=200)" method=GET path=/api/health remote_ip=127.0.0.1
time="2024-03-15T12:06:07-04:00" level=info msg="Shutting down"
